\BOOKMARK [1][-]{section.0.1}{Some text here to see the typography}{}% 1
\BOOKMARK [0][-]{chapter.1}{Introduction}{}% 2
\BOOKMARK [1][-]{section.1.1}{Motivation of the Project}{chapter.1}% 3
\BOOKMARK [0][-]{chapter.2}{Modeling Magnetic Induction System}{}% 4
\BOOKMARK [0][-]{chapter.3}{Architecture and Design of the WPT System}{}% 5
\BOOKMARK [0][-]{chapter.4}{Experimental Results}{}% 6
\BOOKMARK [0][-]{chapter*.3}{Conclusions}{}% 7
\BOOKMARK [0][-]{chapter*.5}{Bibliography}{}% 8
\BOOKMARK [0][-]{sec:biblio.0}{Bibliografia}{}% 9
\BOOKMARK [0][-]{chapter.5}{Inductance Characterization}{}% 10
\BOOKMARK [1][-]{section.5.1}{Inductance Estimation Table}{chapter.5}% 11
\BOOKMARK [1][-]{section.5.2}{Equivalent coil impedance}{chapter.5}% 12
\BOOKMARK [0][-]{chapter.6}{Model equations}{}% 13
\BOOKMARK [1][-]{section.6.1}{Secondary capacitor in series}{chapter.6}% 14
\BOOKMARK [1][-]{section.6.2}{Secondary capacitor in parallel}{chapter.6}% 15
\BOOKMARK [0][-]{chapter.7}{Coils Experimental Results}{}% 16
\BOOKMARK [1][-]{section.7.1}{Inductance and Resistance}{chapter.7}% 17
\BOOKMARK [1][-]{section.7.2}{Quality Factor}{chapter.7}% 18
\BOOKMARK [0][-]{chapter.8}{Circuit Schematics}{}% 19
\BOOKMARK [1][-]{section.8.1}{Voltage Regulator}{chapter.8}% 20
