\BOOKMARK [0][-]{chapter.1}{Introduction}{}% 1
\BOOKMARK [1][-]{section.1.1}{Motivation of the Project}{chapter.1}% 2
\BOOKMARK [1][-]{section.1.2}{Objectives}{chapter.1}% 3
\BOOKMARK [1][-]{section.1.3}{Brief History}{chapter.1}% 4
\BOOKMARK [1][-]{section.1.4}{Category for the Wireless Power Transfer Systems}{chapter.1}% 5
\BOOKMARK [1][-]{section.1.5}{Discussion}{chapter.1}% 6
\BOOKMARK [0][-]{chapter.2}{Modeling Magnetic Induction System}{}% 7
\BOOKMARK [1][-]{section.2.1}{Magnetic Field}{chapter.2}% 8
\BOOKMARK [1][-]{section.2.2}{Magnetic Induction}{chapter.2}% 9
\BOOKMARK [2][-]{subsection.2.2.1}{Magnetic Flux}{section.2.2}% 10
\BOOKMARK [2][-]{subsection.2.2.2}{Induced EMF and Faraday's Law}{section.2.2}% 11
\BOOKMARK [2][-]{subsection.2.2.3}{Inductance}{section.2.2}% 12
\BOOKMARK [1][-]{section.2.3}{Resonance}{chapter.2}% 13
\BOOKMARK [2][-]{subsection.2.3.1}{Energy Pendulum}{section.2.3}% 14
\BOOKMARK [2][-]{subsection.2.3.2}{Series Resonance}{section.2.3}% 15
\BOOKMARK [2][-]{subsection.2.3.3}{Parallel Resonance}{section.2.3}% 16
\BOOKMARK [1][-]{section.2.4}{Characterizing the Inductor}{chapter.2}% 17
\BOOKMARK [2][-]{subsection.2.4.1}{Coil Resistance}{section.2.4}% 18
\BOOKMARK [2][-]{subsection.2.4.2}{Coil Inductance}{section.2.4}% 19
\BOOKMARK [2][-]{subsection.2.4.3}{Coil Parasitic Capacitor}{section.2.4}% 20
\BOOKMARK [1][-]{section.2.5}{Coreless Transformer Modeling}{chapter.2}% 21
\BOOKMARK [2][-]{subsection.2.5.1}{Electrical Circuit}{section.2.5}% 22
\BOOKMARK [2][-]{subsection.2.5.2}{Compensation Topologies}{section.2.5}% 23
\BOOKMARK [1][-]{section.2.6}{Design Considerations}{chapter.2}% 24
\BOOKMARK [2][-]{subsection.2.6.1}{Power Level}{section.2.6}% 25
\BOOKMARK [2][-]{subsection.2.6.2}{Quality Factor}{section.2.6}% 26
\BOOKMARK [2][-]{subsection.2.6.3}{Coupling Factor}{section.2.6}% 27
\BOOKMARK [2][-]{subsection.2.6.4}{Operating Frequency}{section.2.6}% 28
\BOOKMARK [2][-]{subsection.2.6.5}{Size and Weight}{section.2.6}% 29
\BOOKMARK [1][-]{section.2.7}{Detailed Designs}{chapter.2}% 30
\BOOKMARK [2][-]{subsection.2.7.1}{Discussion}{section.2.7}% 31
\BOOKMARK [0][-]{chapter.3}{Architecture and Design of the WPT System}{}% 32
\BOOKMARK [1][-]{section.3.1}{Quadcopter}{chapter.3}% 33
\BOOKMARK [2][-]{subsection.3.1.1}{Controlling the Crazyflie}{section.3.1}% 34
\BOOKMARK [2][-]{subsection.3.1.2}{Motor Mount Design}{section.3.1}% 35
\BOOKMARK [1][-]{section.3.2}{Transmission System}{chapter.3}% 36
\BOOKMARK [2][-]{subsection.3.2.1}{Power Source}{section.3.2}% 37
\BOOKMARK [2][-]{subsection.3.2.2}{Voltage Regulator}{section.3.2}% 38
\BOOKMARK [2][-]{subsection.3.2.3}{Oscillator}{section.3.2}% 39
\BOOKMARK [2][-]{subsection.3.2.4}{Power Driver}{section.3.2}% 40
\BOOKMARK [2][-]{subsection.3.2.5}{Transmitter Circuit Assembly}{section.3.2}% 41
\BOOKMARK [1][-]{section.3.3}{Receiver system}{chapter.3}% 42
\BOOKMARK [2][-]{subsection.3.3.1}{Voltage Doubler}{section.3.3}% 43
\BOOKMARK [2][-]{subsection.3.3.2}{DC-DC boost converter}{section.3.3}% 44
\BOOKMARK [2][-]{subsection.3.3.3}{Storage element}{section.3.3}% 45
\BOOKMARK [2][-]{subsection.3.3.4}{Application}{section.3.3}% 46
\BOOKMARK [2][-]{subsection.3.3.5}{Receiver Circuit Assembly}{section.3.3}% 47
\BOOKMARK [0][-]{chapter.4}{Experimental Results}{}% 48
\BOOKMARK [1][-]{section.4.1}{Validations and Measurements}{chapter.4}% 49
\BOOKMARK [2][-]{subsection.4.1.1}{Resistance Estimation}{section.4.1}% 50
\BOOKMARK [2][-]{subsection.4.1.2}{Inductance Estimation}{section.4.1}% 51
\BOOKMARK [2][-]{subsection.4.1.3}{Quality Factor}{section.4.1}% 52
\BOOKMARK [2][-]{subsection.4.1.4}{Inductive System Performance}{section.4.1}% 53
\BOOKMARK [2][-]{subsection.4.1.5}{Overall System Performance}{section.4.1}% 54
\BOOKMARK [0][-]{chapter*.71}{Conclusions}{}% 55
\BOOKMARK [0][-]{chapter*.73}{Bibliography}{}% 56
\BOOKMARK [0][-]{sec:biblio.0}{Bibliografia}{}% 57
\BOOKMARK [0][-]{appendix.A}{Inductance Characterization}{}% 58
\BOOKMARK [1][-]{section.A.1}{Inductance Estimation Table}{appendix.A}% 59
\BOOKMARK [1][-]{section.A.2}{Equivalent coil impedance}{appendix.A}% 60
\BOOKMARK [0][-]{appendix.B}{Model equations}{}% 61
\BOOKMARK [1][-]{section.B.1}{Secondary capacitor in series}{appendix.B}% 62
\BOOKMARK [1][-]{section.B.2}{Secondary capacitor in parallel}{appendix.B}% 63
\BOOKMARK [1][-]{section.B.3}{Primary capacitor in series}{appendix.B}% 64
\BOOKMARK [1][-]{section.B.4}{Primary capacitor in parallel}{appendix.B}% 65
\BOOKMARK [0][-]{appendix.C}{Coils Experimental Results}{}% 66
\BOOKMARK [1][-]{section.C.1}{Inductance and Resistance}{appendix.C}% 67
\BOOKMARK [1][-]{section.C.2}{Quality Factor}{appendix.C}% 68
\BOOKMARK [0][-]{appendix.D}{Circuit Schematics}{}% 69
\BOOKMARK [1][-]{section.D.1}{Voltage Regulator}{appendix.D}% 70
\BOOKMARK [1][-]{section.D.2}{Power Driver}{appendix.D}% 71
\BOOKMARK [1][-]{section.D.3}{Transmitter}{appendix.D}% 72
\BOOKMARK [1][-]{section.D.4}{Receiver}{appendix.D}% 73
\BOOKMARK [0][-]{appendix.E}{Experimental Results}{}% 74
\BOOKMARK [1][-]{section.E.1}{Model A}{appendix.E}% 75
\BOOKMARK [1][-]{section.E.2}{Model B}{appendix.E}% 76
\BOOKMARK [1][-]{section.E.3}{Model C}{appendix.E}% 77
\BOOKMARK [1][-]{section.E.4}{Output power for models D1 and D2}{appendix.E}% 78
\BOOKMARK [0][-]{appendix.F}{Programming Code}{}% 79
